Attempting to parse op37a02.mscx
Done parsing op37a02.mscx

The following chords could not be parsed:
      mc   mn onset          label
16     9    9     0        .bV.V65
18    10   10     0       .bIV.V65
20    11   11     0      .bvii.V65
24    13   13     0      .bVII.V65
93    44   44     0          @none
96    46   46     0        @none\\
98    47   47   3/8           .bVI
99    48   48     0          @none
101   49   49   3/8           .bVI
102   50   50     0          @none
104   54   54     0        @none\\
122   67   67     0        .bV.V65
124   68   68     0       .bIV.V65
126   69   69     0      .bvii.V65
130   71   71     0      .bVII.V65
155   85   85     0  .bIII.V+64/ii
175   97   97     0   .bIII.V+6/IV
255  139  139     0        .bV.V65
257  140  140     0       .bIV.V65
259  141  141     0      .bvii.V65
263  143  143     0      .bVII.V65
Failed to expand labels due to syntactic errors:
repl_spec() missing 1 required positional argument: 'special'
