INFO     op37a06.ms3 -- Attempting to parse op37a06.mscx
INFO     op37a06.ms3 -- Done parsing op37a06.mscx

ERROR    op37a06 -- Could not expand labels due to errors:
Traceback (most recent call last):
  File "parallel_parse.py", line 79, in parse
    expanded = expand_labels(chord_list, column='label', regex=REGEX, chord_tones=True, groupby=None, logger_name=S.fname).df
  File "/home/hentsche/corpora/scripts/expand_labels.py", line 452, in __init__
    df = self.propagate_pedal(df, cols=cols)
  File "/home/hentsche/corpora/scripts/expand_labels.py", line 776, in propagate_pedal
    assert n_b == n_e, f"{n_b} organ points started, {n_e} ended! Beginnings:\n{beginnings}\nEndings:\n{endings}"
AssertionError: 8 organ points started, 3 ended! Beginnings:
21     V
65     V
72     I
161    V
204    V
211    i
224    i
235    i
Name: pedal, dtype: object
Endings:
91     ]
221    ]
259    ]
Name: pedalend, dtype: object
