Attempting to parse op37a09.mscx
Done parsing op37a09.mscx

The following chords could not be parsed:
     mc  mn onset     label
ix                         
16    7   7   1/4     .bVI+
19    8   8   1/4     .bVI+
81   18  18   1/4     .bVI+
83   18  18   5/8     .bVI+
100  22  22   1/4     .bVI+
119  27  27   1/4     .bVI+
121  27  27   3/4     .bVI+
128  29  29   1/4     .bVI+
130  29  29   3/4     .bVI+
171  43  43   1/4  .bvi.iv6
205  52  52   3/4  .bVII.V2
239  65  65   1/4     .bVI+
242  66  66   1/4     .bVI+
304  76  76   1/4     .bVI+
306  76  76   5/8     .bVI+
323  80  80   1/4     .bVI+
342  85  85   1/4     .bVI+
344  85  85   3/4     .bVI+
351  87  87   1/4     .bVI+
353  87  87   3/4     .bVI+
Failed to expand labels due to syntactic errors:
repl_spec() missing 1 required positional argument: 'special'
