Attempting to parse op37a01.mscx
Done parsing op37a01.mscx

The following chords could not be parsed:
     mc  mn onset         label
12    5   5     0         @none
19    7   7     0         @none
26    9   9   1/4         @none
54   15  15     0    .bI.iv(+6)
60   16  16     0  .bIII.iv(+6)
64   16  16   1/2         .Ger6
70   17  17   1/2         .Ger6
90   21  21     0         @none
97   23  23     0         @none
100  24  24     0         @none
105  25  25     0         @none
112  27  27     0         @none
119  29  29   1/2         .Ger6
122  31  31   1/2         .Ger6
125  33  33   1/2         .Ger6
128  35  35   1/2         .Ger6
130  36  36   1/2         .Ger6
131  37  37     0        .bI.IV
140  40  40     0      .biii.iv
143  41  41     0      .bvi.Fr6
145  42  42     0          .Fr6
147  43  43     0          .Fr6
149  44  44     0          .Fr6
153  46  46   1/2         .Ger6
156  48  48   1/2         .Ger6
159  50  50   1/2         .Ger6
162  52  52   1/4        .bIII6
168  54  54   1/4         .bVI6
174  56  56   1/4         .bVI6
180  61  61     0         @none
187  63  63     0         @none
190  64  64     0         @none
195  65  65     0         @none
202  67  67     0         @none
209  69  69   1/4         @none
237  75  75     0    .bI.iv(+6)
243  76  76     0  .bIII.iv(+6)
247  76  76   1/2         .Ger6
253  77  77   1/2         .Ger6
273  81  81     0         @none
280  83  83     0         @none
283  84  84     0         @none
288  85  85     0         @none
295  87  87     0         @none
298  88  88     0         @none
301  89  89     0         @none
305  90  90   1/2          .Fr6
306  90  90   5/8         .Ger6
318  93  93   5/8         .Ger6
324  96  96     0          .bVI
325  96  96   1/2         .Ger6
327  98  98     0          .bVI
328  98  98   1/2         .Ger6
Failed to expand labels due to syntactic errors:
repl_spec() missing 1 required positional argument: 'special'
