Warnings encountered during the last execution of ms3 review (v1.0.4)
=====================================================================

DCML_PHRASE_INCONGRUENCY_WARNING (16,) ms3.Parse.tchaikovsky_seasons.op37a09 -- /usr/local/lib/python3.10/site-packages/ms3/utils.py (line 4940) check_phrase_annotations():
	Phrase beginning and endings don't match:
	mn_playthrough phraseend mn_playthrough phraseend
	            1a         {             6a         }
	            7a         {            10a         }
	           11a         {            11a         }
	           12a         {            12a         }
	           13a         {            17a        }{
	           17a        }{            20a         }
	           21a         {            23a        }{
	           23a        }{            29a         }
	           29a         {            31a         }
	           32a         {            34a         }
	           34a         {            36a         }
	           36a         {            38a         }
	           38a         {            40a         }
	           40a         {            41a         }
	           41a         {            42a         }
	           42a         {            43a         }
	           43a         {            44a         }
	           44a         {            46a         }
	           46a         {            47a         }
	           47a         {            48a         }
	           48a         {            50a         }
	           50a         {            51a         }
	           51a         {            52a         }
	           52a         {            55a         }
	           52a         {            57a         }
	           55a         {            64a         }
	           59a         {            68a         }
	           65a         {            69a         }
	           69a         {            70a         }
	           70a         {            75a        }{
	           71a         {            78a         }
	           75a        }{            81a        }{
	           79a         {            87a         }
	           81a        }{            89a         }
	           87a         {            90a         }
	           89a         {            NaN       NaN
DCML_PHRASE_INCONGRUENCY_WARNING (16,) ms3.Parse.tchaikovsky_seasons.op37a10 -- /usr/local/lib/python3.10/site-packages/ms3/utils.py (line 4940) check_phrase_annotations():
	Phrase beginning and endings don't match:
	mn_playthrough phraseend mn_playthrough phraseend
	            1a         {             4a         }
	            5a         {             9a         }
	            9a         {            12a         }
	           13a         {            13a         }
	           14a         {            14a         }
	           15a         {            16a         }
	           17a         {            18a         }
	           19a         {            20a         }
	           21a         {            21a         }
	           22a         {            22a         }
	           23a         {            23a         }
	           24a         {            25a         }
	           26a         {            26a         }
	           27a         {            29a         }
	           27a         {            31a         }
	           28a         {            37a         }
	           30a         {            42a         }
	           34a         {            45a         }
	           38a         {            46a         }
	           42a         {            47a         }
	           46a         {            49a         }
	           47a         {            50a         }
	           48a         {            52a         }
	           50a         {            54a         }
	           51a         {            NaN       NaN
	           53a         {            NaN       NaN
Chord labels where the ratio of colored notes vs. all notes in a segment lies above 0.6:
                                       mc   mn mc_onset           label        chord_tones added_tones  n_colored  n_untouched  count_ratio
tchaikovsky_seasons MS3/op37a01.mscx   15   15        0      VII.ii%65{      (7, 4, 8, 10)          ()          4            0          1.0
                    MS3/op37a01.mscx   15   15      1/8              I6         (12, 9, 8)          ()          3            0          1.0
                    MS3/op37a01.mscx   15   15      1/4           ii%65      (7, 4, 8, 10)          ()          3            0          1.0
                    MS3/op37a01.mscx   15   15      3/8              I6         (12, 9, 8)          ()          3            0          1.0
                    MS3/op37a01.mscx   15   15      1/2            I(4)          (8, 7, 9)          ()          4            0          1.0
                    MS3/op37a01.mscx   15   15      5/8               I         (8, 12, 9)          ()          1            0          1.0
                    MS3/op37a01.mscx   37   37        0         VII.IV{         (7, 11, 8)          ()          7            0          1.0
                    MS3/op37a01.mscx   37   37      1/4              V2     (7, 9, 13, 10)          ()          7            0          1.0
                    MS3/op37a01.mscx   37   37      1/2              I6         (12, 9, 8)          ()          7            0          1.0
                    MS3/op37a01.mscx   38   38        0             ii7     (10, 7, 11, 8)          ()          8            0          1.0
                    MS3/op37a01.mscx   38   38      1/2           V7(6)     (9, 13, 12, 7)          ()          5            0          1.0
                    MS3/op37a01.mscx   38   38      5/8              V7     (9, 13, 10, 7)          ()          1            0          1.0
                    MS3/op37a01.mscx   39   39        0              IV         (7, 11, 8)          ()          7            0          1.0
                    MS3/op37a01.mscx   39   39      1/4              V2     (7, 9, 13, 10)          ()          7            0          1.0
                    MS3/op37a01.mscx   39   39      1/2              I6         (12, 9, 8)          ()          7            0          1.0
                    MS3/op37a01.mscx   77   77        0      VII.ii%65{      (7, 4, 8, 10)          ()          4            0          1.0
                    MS3/op37a01.mscx   77   77      1/8              I6         (12, 9, 8)          ()          3            0          1.0
                    MS3/op37a01.mscx   77   77      1/4           ii%65      (7, 4, 8, 10)          ()          3            0          1.0
                    MS3/op37a01.mscx   77   77      3/8              I6         (12, 9, 8)          ()          3            0          1.0
                    MS3/op37a01.mscx   77   77      1/2            I(4)          (8, 7, 9)          ()          4            0          1.0
                    MS3/op37a01.mscx   77   77      5/8               I         (8, 12, 9)          ()          1            0          1.0
                    MS3/op37a05.mscx   63   63      1/4         It6(#2)          (9, 1, 7)          ()          3            0          1.0
                    MS3/op37a06.mscx   48   48      3/8           viio7      (6, 3, 0, -3)          ()          2            0          1.0
                    MS3/op37a06.mscx   84   84      3/4           viio2  (-10, -1, -4, -7)          ()          5            0          1.0
                    MS3/op37a06.mscx   88   88      3/4           viio2  (-10, -1, -4, -7)          ()          5            0          1.0
                    MS3/op37a09.mscx   43   43      1/4         bvi.iv6       (-7, -3, -4)          ()          4            0          1.0
                    MS3/op37a12.mscx   88   88        0          bVI.I{       (-8, -4, -7)          ()          4            0          1.0
                    MS3/op37a12.mscx   88   88      1/2          I(6#4)   (-8, -4, -2, -5)          ()          2            0          1.0
                    MS3/op37a12.mscx   89   89        0               I       (-8, -4, -7)          ()          3            0          1.0
                    MS3/op37a12.mscx   89   89      1/4           V6(6)       (-3, -4, -7)          ()          1            0          1.0
                    MS3/op37a12.mscx   89   89      1/2              V6       (-3, -6, -7)          ()          4            0          1.0
                    MS3/op37a12.mscx   90   90      1/4          vi7(4)   (-5, -6, -4, -7)          ()          1            0          1.0
                    MS3/op37a12.mscx   90   90      1/2        V43(4)/V   (-5, -8, -6, -7)          ()          4            0          1.0
                    MS3/op37a12.mscx   91   91      1/4        V(4)|HC}       (-7, -8, -6)          ()          1            0          1.0
                    MS3/op37a12.mscx   91   91      3/8               V       (-7, -3, -6)          ()          3            0          1.0
                    MS3/op37a12.mscx   92   92        0              I{       (-8, -4, -7)          ()          4            0          1.0
                    MS3/op37a12.mscx   92   92      1/2          I(6#4)   (-8, -4, -2, -5)          ()          2            0          1.0
                    MS3/op37a12.mscx   93   93        0               I       (-8, -4, -7)          ()          3            0          1.0
                    MS3/op37a12.mscx   93   93      1/4           V6(6)       (-3, -4, -7)          ()          1            0          1.0
                    MS3/op37a12.mscx   93   93      1/2              V6       (-3, -6, -7)          ()          4            0          1.0
                    MS3/op37a12.mscx   94   94      1/4          vi7(4)   (-5, -6, -4, -7)          ()          1            0          1.0
                    MS3/op37a12.mscx   94   94      1/2        V43(4)/V   (-5, -8, -6, -7)          ()          5            0          1.0
                    MS3/op37a12.mscx   95   95      1/4        V(4)|HC}       (-7, -8, -6)          ()          1            0          1.0
                    MS3/op37a12.mscx   95   95      3/8               V       (-7, -3, -6)          ()          3            0          1.0
                    MS3/op37a12.mscx   96   96        0              I{       (-8, -4, -7)          ()          4            0          1.0
                    MS3/op37a12.mscx   96   96      1/2          I(6#4)   (-8, -4, -2, -5)          ()          2            0          1.0
                    MS3/op37a12.mscx   97   97        0               I       (-8, -4, -7)          ()          3            0          1.0
                    MS3/op37a12.mscx   97   97      1/4           V6(6)       (-3, -4, -7)          ()          1            0          1.0
                    MS3/op37a12.mscx   97   97      1/2              V6       (-3, -6, -7)          ()          4            0          1.0
                    MS3/op37a12.mscx   98   98      1/4          vi7(4)   (-5, -6, -4, -7)          ()          1            0          1.0
                    MS3/op37a12.mscx   98   98      1/2        V43(4)/V   (-5, -8, -6, -7)          ()          4            0          1.0
                    MS3/op37a12.mscx   99   99      1/4        V(4)|HC}       (-7, -8, -6)          ()          1            0          1.0
                    MS3/op37a12.mscx   99   99      3/8               V       (-7, -3, -6)          ()          3            0          1.0
                    MS3/op37a12.mscx  100  100        0              I{       (-8, -4, -7)          ()          4            0          1.0
                    MS3/op37a12.mscx  100  100      1/2          I(6#4)   (-8, -4, -2, -5)          ()          2            0          1.0
                    MS3/op37a12.mscx  101  101        0               I       (-8, -4, -7)          ()          3            0          1.0
                    MS3/op37a12.mscx  101  101      1/4           V6(6)       (-3, -4, -7)          ()          1            0          1.0
                    MS3/op37a12.mscx  101  101      1/2              V6       (-3, -6, -7)          ()          1            0          1.0
                    MS3/op37a12.mscx  102  102        0   iii/bVI.V(#2)       (-3, -1, -2)          ()          4            0          1.0
                    MS3/op37a12.mscx  102  102      1/2               V        (-3, 1, -2)          ()          1            0          1.0
                    MS3/op37a12.mscx  103  103        0          i(#7)}       (-4, -7, -3)        (1,)          3            0          1.0
                    MS3/op37a12.mscx  103  103      1/4           i|IAC       (-4, -7, -3)          ()          6            0          1.0
                    MS3/op37a12.mscx  104  104        0         bVI.ii{       (-6, -9, -5)          ()          8            0          1.0
                    MS3/op37a12.mscx  105  105        0          ii2(2)   (-8, -4, -9, -5)          ()          6            0          1.0
                    MS3/op37a12.mscx  105  105      1/2             ii2   (-8, -6, -9, -5)          ()          2            0          1.0
                    MS3/op37a12.mscx  106  106        0             V65   (-3, -6, -9, -7)          ()          8            0          1.0
                    MS3/op37a12.mscx  107  107        0            ii64       (-5, -6, -9)          ()          5            0          1.0
                    MS3/op37a12.mscx  107  107      1/4           viio2  (-12, -3, -6, -9)          ()          5            0          1.0
                    MS3/op37a12.mscx  107  107      1/2            I64}       (-7, -8, -4)          ()          4            0          1.0
                    MS3/op37a12.mscx  108  108        0          V65/V{   (-2, -5, -8, -6)          ()          8            0          1.0
                    MS3/op37a12.mscx  109  109        0              V2   (-9, -7, -3, -6)          ()          7            0          1.0
                    MS3/op37a12.mscx  110  110        0              I6       (-4, -7, -8)          ()          8            0          1.0
                    MS3/op37a12.mscx  111  111      1/4             I64       (-7, -8, -4)          ()          4            0          1.0
                    MS3/op37a12.mscx  111  111      1/2          I|IAC}       (-8, -4, -7)          ()          1            0          1.0
                    MS3/op37a12.mscx  112  112        0             ii{       (-6, -9, -5)          ()          8            0          1.0
                    MS3/op37a12.mscx  113  113        0          ii2(2)   (-8, -4, -9, -5)          ()          6            0          1.0
                    MS3/op37a12.mscx  113  113      1/2             ii2   (-8, -6, -9, -5)          ()          2            0          1.0
                    MS3/op37a12.mscx  114  114        0             V65   (-3, -6, -9, -7)          ()          8            0          1.0
                    MS3/op37a12.mscx  115  115        0            ii64       (-5, -6, -9)          ()          5            0          1.0
                    MS3/op37a12.mscx  115  115      1/4           viio2  (-12, -3, -6, -9)          ()          5            0          1.0
                    MS3/op37a12.mscx  115  115      1/2            I64}       (-7, -8, -4)          ()          4            0          1.0
                    MS3/op37a12.mscx  116  116        0          V65/V{   (-2, -5, -8, -6)          ()          8            0          1.0
                    MS3/op37a12.mscx  117  117        0              V2   (-9, -7, -3, -6)          ()          7            0          1.0
                    MS3/op37a12.mscx  118  118        0              I6       (-4, -7, -8)          ()          8            0          1.0
                    MS3/op37a12.mscx  119  119      1/4           V43/V   (-5, -8, -6, -2)          ()          4            0          1.0
                    MS3/op37a12.mscx  119  119      1/2           V|HC}       (-7, -3, -6)          ()          4            0          1.0
                    MS3/op37a12.mscx  120  120        0              I{       (-8, -4, -7)          ()          4            0          1.0
                    MS3/op37a12.mscx  120  120      1/2          I(6#4)   (-8, -4, -2, -5)          ()          2            0          1.0
                    MS3/op37a12.mscx  121  121        0               I       (-8, -4, -7)          ()          3            0          1.0
                    MS3/op37a12.mscx  121  121      1/4           V6(6)       (-3, -4, -7)          ()          1            0          1.0
                    MS3/op37a12.mscx  121  121      1/2              V6       (-3, -6, -7)          ()          4            0          1.0
                    MS3/op37a12.mscx  122  122      1/4          vi7(4)   (-5, -6, -4, -7)          ()          1            0          1.0
                    MS3/op37a12.mscx  122  122      1/2        V43(4)/V   (-5, -8, -6, -7)          ()          4            0          1.0
                    MS3/op37a12.mscx  123  123      1/4           V(4)}       (-7, -8, -6)          ()          1            0          1.0
                    MS3/op37a12.mscx  123  123      3/8            V|HC       (-7, -3, -6)          ()          3            0          1.0
                    MS3/op37a12.mscx  124  124        0              I{       (-8, -4, -7)          ()          4            0          1.0
                    MS3/op37a12.mscx  124  124      1/2          I(6#4)   (-8, -4, -2, -5)          ()          2            0          1.0
                    MS3/op37a12.mscx  125  125        0               I       (-8, -4, -7)          ()          3            0          1.0
                    MS3/op37a12.mscx  125  125      1/4           V6(6)       (-3, -4, -7)          ()          1            0          1.0
                    MS3/op37a12.mscx  125  125      1/2              V6       (-3, -6, -7)          ()          4            0          1.0
                    MS3/op37a12.mscx  126  126      1/4          vi7(4)   (-5, -6, -4, -7)          ()          1            0          1.0
                    MS3/op37a12.mscx  126  126      1/2        V43(4)/V   (-5, -8, -6, -7)          ()          5            0          1.0
                    MS3/op37a12.mscx  127  127      1/4           V(4)}       (-7, -8, -6)          ()          1            0          1.0
                    MS3/op37a12.mscx  127  127      3/8            V|HC       (-7, -3, -6)          ()          3            0          1.0
                    MS3/op37a12.mscx  128  128        0              I{       (-8, -4, -7)          ()          4            0          1.0
                    MS3/op37a12.mscx  128  128      1/2          I(6#4)   (-8, -4, -2, -5)          ()          2            0          1.0
                    MS3/op37a12.mscx  129  129        0               I       (-8, -4, -7)          ()          3            0          1.0
                    MS3/op37a12.mscx  129  129      1/4           V6(6)       (-3, -4, -7)          ()          1            0          1.0
                    MS3/op37a12.mscx  129  129      1/2              V6       (-3, -6, -7)          ()          4            0          1.0
                    MS3/op37a12.mscx  130  130      1/4          vi7(4)   (-5, -6, -4, -7)          ()          1            0          1.0
                    MS3/op37a12.mscx  130  130      1/2        V43(4)/V   (-5, -8, -6, -7)          ()          4            0          1.0
                    MS3/op37a12.mscx  131  131      1/4           V(4)}       (-7, -8, -6)          ()          1            0          1.0
                    MS3/op37a12.mscx  131  131      3/8            V|HC       (-7, -3, -6)          ()          3            0          1.0
                    MS3/op37a12.mscx  132  132        0              I{       (-8, -4, -7)          ()          4            0          1.0
                    MS3/op37a12.mscx  132  132      1/2          I(6#4)   (-8, -4, -2, -5)          ()          2            0          1.0
                    MS3/op37a12.mscx  133  133        0               I       (-8, -4, -7)          ()          3            0          1.0
                    MS3/op37a12.mscx  133  133      1/4       vii[V6(6)       (-3, -4, -7)          ()          1            0          1.0
                    MS3/op37a12.mscx  133  133      1/2              V6       (-3, -6, -7)          ()          1            0          1.0
                    MS3/op37a12.mscx  134  134        0  iii/bVI.V7(#2)   (-3, -1, -2, -5)          ()          5            0          1.0
                    MS3/op37a12.mscx  134  134      1/2              V7    (-3, 1, -2, -5)          ()          1            0          1.0
                    MS3/op37a12.mscx  135  135        0         i6(#7)}        (-7, -3, 1)          ()          5            0          1.0
                    MS3/op37a12.mscx  135  135      1/2              i6       (-7, -3, -4)          ()          1            0          1.0
                    MS3/op37a12.mscx  136  136        0             V7{    (-3, 1, -2, -5)          ()          8            0          1.0
                    MS3/op37a12.mscx  137  137        0           i(+4)       (-4, -7, -3)       (-5,)          6            0          1.0
                    MS3/op37a12.mscx  137  137      1/2               i       (-4, -7, -3)          ()          1            0          1.0
                    MS3/op37a12.mscx  138  138        0              i6       (-7, -3, -4)          ()          4            0          1.0
                    MS3/op37a12.mscx  138  138      3/8         i6(6#4)    (-7, 2, -8, -4)          ()          3            0          1.0
                    MS3/op37a12.mscx  139  139        0          V7(9)}    (-3, 1, -2, -5)       (-8,)          5            0          1.0
                    MS3/op37a12.mscx  139  139      1/2              V7    (-3, 1, -2, -5)          ()          8            0          1.0
                    MS3/op37a12.mscx  141  141        0           i(+4)       (-4, -7, -3)       (-5,)          6            0          1.0
                    MS3/op37a12.mscx  141  141      1/2               i       (-4, -7, -3)          ()          1            0          1.0
                    MS3/op37a12.mscx  142  142        0              i6       (-7, -3, -4)          ()          4            0          1.0
                    MS3/op37a12.mscx  142  142      3/8         i6(6#4)    (-7, 2, -8, -4)          ()          3            0          1.0
                    MS3/op37a12.mscx  143  143        0           V7(9)    (-3, 1, -2, -5)       (-8,)          5            0          1.0
                    MS3/op37a12.mscx  143  143      3/8              V7    (-3, 1, -2, -5)          ()          3            0          1.0
                    MS3/op37a12.mscx  144  144        0           V7(9)    (-3, 1, -2, -5)       (-8,)          5            0          1.0
